<?xml version="1.0" encoding="UTF-8"?>
<!-- Generated by org.testng.reporters.JUnitReportReporter -->
<testsuite hostname="localhost" failures="0" tests="1" name="com.pom.Main" time="0.009" errors="0" timestamp="2025-04-30T13:05:26 UTC" skipped="0">
  <testcase classname="com.pom.Main" name="login" time="0.009"/>
  <system-out/>
</testsuite> <!-- com.pom.Main -->
