<?xml version="1.0" encoding="UTF-8"?>
<!-- Generated by org.testng.reporters.JUnitReportReporter -->
<testsuite hostname="localhost" failures="0" tests="1" name="com.pom.tests.LoginTest" time="2.000" errors="0" timestamp="2025-04-30T13:09:51 UTC" skipped="0">
  <testcase classname="com.pom.tests.LoginTest" name="loginTest" time="2.000"/>
  <system-out/>
</testsuite> <!-- com.pom.tests.LoginTest -->
